Flow report for FIFO_16bit_100
Mon Oct 26 22:42:45 2015
Quartus II Version 9.1 Build 222 10/21/2009 SJ Full Version


---------------------
; Table of Contents ;
---------------------
  1. Legal Notice
  2. Flow Summary
  3. Flow Settings
  4. Flow Non-Default Global Settings
  5. Flow Elapsed Time
  6. Flow OS Summary
  7. Flow Log



----------------
; Legal Notice ;
----------------
Copyright (C) 1991-2009 Altera Corporation
Your use of Altera Corporation's design tools, logic functions 
and other software and tools, and its AMPP partner logic 
functions, and any output files from any of the foregoing 
(including device programming or simulation files), and any 
associated documentation or information are expressly subject 
to the terms and conditions of the Altera Program License 
Subscription Agreement, Altera MegaCore Function License 
Agreement, or other applicable license agreement, including, 
without limitation, that your use is for the sole purpose of 
programming logic devices manufactured by Altera and sold by 
Altera or its authorized distributors.  Please refer to the 
applicable agreement for further details.



+--------------------------------------------------------------------------+
; Flow Summary                                                             ;
+-------------------------------+------------------------------------------+
; Flow Status                   ; Successful - Mon Oct 26 22:42:45 2015    ;
; Quartus II Version            ; 9.1 Build 222 10/21/2009 SJ Full Version ;
; Revision Name                 ; FIFO_16bit_100                           ;
; Top-level Entity Name         ; FIFO_16bit_100                           ;
; Family                        ; Stratix II                               ;
; Met timing requirements       ; Yes                                      ;
; Logic utilization             ; < 1 %                                    ;
;     Combinational ALUTs       ; 36 / 12,480 ( < 1 % )                    ;
;     Dedicated logic registers ; 18 / 12,480 ( < 1 % )                    ;
; Total registers               ; 18                                       ;
; Total pins                    ; 58 / 343 ( 17 % )                        ;
; Total virtual pins            ; 0                                        ;
; Total block memory bits       ; 2,048 / 419,328 ( < 1 % )                ;
; DSP block 9-bit elements      ; 0 / 96 ( 0 % )                           ;
; Total PLLs                    ; 0 / 6 ( 0 % )                            ;
; Total DLLs                    ; 0 / 2 ( 0 % )                            ;
; Device                        ; EP2S15F484C3                             ;
; Timing Models                 ; Final                                    ;
+-------------------------------+------------------------------------------+


+-----------------------------------------+
; Flow Settings                           ;
+-------------------+---------------------+
; Option            ; Setting             ;
+-------------------+---------------------+
; Start date & time ; 10/26/2015 22:42:22 ;
; Main task         ; Compilation         ;
; Revision Name     ; FIFO_16bit_100      ;
+-------------------+---------------------+


+--------------------------------------------------------------------------------------------------------------------+
; Flow Non-Default Global Settings                                                                                   ;
+------------------------------------+--------------------------------+---------------+-------------+----------------+
; Assignment Name                    ; Value                          ; Default Value ; Entity Name ; Section Id     ;
+------------------------------------+--------------------------------+---------------+-------------+----------------+
; COMPILER_SIGNATURE_ID              ; 66485660035658.144586694207340 ; --            ; --          ; --             ;
; IP_TOOL_NAME                       ; RAM: 2-PORT                    ; --            ; --          ; --             ;
; IP_TOOL_VERSION                    ; 9.1                            ; --            ; --          ; --             ;
; MISC_FILE                          ; FIFO_RAM_bb.v                  ; --            ; --          ; --             ;
; PARTITION_COLOR                    ; 16764057                       ; --            ; --          ; Top            ;
; PARTITION_NETLIST_TYPE             ; SOURCE                         ; --            ; --          ; Top            ;
; USE_GENERATED_PHYSICAL_CONSTRAINTS ; Off                            ; --            ; --          ; eda_blast_fpga ;
+------------------------------------+--------------------------------+---------------+-------------+----------------+


+-----------------------------------------------------------------------------------------------------------------------------+
; Flow Elapsed Time                                                                                                           ;
+-------------------------+--------------+-------------------------+---------------------+------------------------------------+
; Module Name             ; Elapsed Time ; Average Processors Used ; Peak Virtual Memory ; Total CPU Time (on all processors) ;
+-------------------------+--------------+-------------------------+---------------------+------------------------------------+
; Analysis & Synthesis    ; 00:00:02     ; 1.0                     ; 230 MB              ; 00:00:06                           ;
; Fitter                  ; 00:00:10     ; 1.2                     ; 283 MB              ; 00:00:23                           ;
; Assembler               ; 00:00:02     ; 1.0                     ; 236 MB              ; 00:00:02                           ;
; Classic Timing Analyzer ; 00:00:00     ; 1.0                     ; 167 MB              ; 00:00:01                           ;
; Total                   ; 00:00:14     ; --                      ; --                  ; 00:00:32                           ;
+-------------------------+--------------+-------------------------+---------------------+------------------------------------+


+------------------------------------------------------------------------------------------+
; Flow OS Summary                                                                          ;
+-------------------------+------------------+---------------+------------+----------------+
; Module Name             ; Machine Hostname ; OS Name       ; OS Version ; Processor type ;
+-------------------------+------------------+---------------+------------+----------------+
; Analysis & Synthesis    ; Francis-PC       ; Windows Vista ; 6.1        ; x86_64         ;
; Fitter                  ; Francis-PC       ; Windows Vista ; 6.1        ; x86_64         ;
; Assembler               ; Francis-PC       ; Windows Vista ; 6.1        ; x86_64         ;
; Classic Timing Analyzer ; Francis-PC       ; Windows Vista ; 6.1        ; x86_64         ;
+-------------------------+------------------+---------------+------------+----------------+


------------
; Flow Log ;
------------
quartus_map --read_settings_files=on --write_settings_files=off FIFO_16bit_100 -c FIFO_16bit_100
quartus_fit --read_settings_files=off --write_settings_files=off FIFO_16bit_100 -c FIFO_16bit_100
quartus_asm --read_settings_files=off --write_settings_files=off FIFO_16bit_100 -c FIFO_16bit_100
quartus_tan --read_settings_files=off --write_settings_files=off FIFO_16bit_100 -c FIFO_16bit_100 --timing_analysis_only



